<?xml version="1.0" encoding="UTF-8"?>
<!-- Generated by org.testng.reporters.JUnitXMLReporter -->
<testsuite ignored="0" hostname="DESKTOP-CFSKSBJ" failures="0" tests="4" name="Test" time="8.733" errors="0" timestamp="2024-11-05T14:27:42 IST">
  <testcase classname="api.test.UserTests" name="testPostUser" time="3.215"/>
  <testcase classname="api.test.UserTests" name="testGetUserByName" time="1.284"/>
  <testcase classname="api.test.UserTests" name="testUpdateUserByName" time="2.503"/>
  <testcase classname="api.test.UserTests" name="testDeleteUserByName" time="1.325"/>
</testsuite> <!-- Test -->
