<?xml version="1.0" encoding="UTF-8"?>
<!-- Generated by org.testng.reporters.JUnitXMLReporter -->
<testsuite ignored="0" hostname="DESKTOP-CFSKSBJ" failures="0" tests="4" name="UserTests" time="8.821" errors="0" timestamp="2024-11-05T14:26:16 IST">
  <testcase classname="api.test.UserTests" name="testPostUser" time="3.248"/>
  <testcase classname="api.test.UserTests" name="testGetUserByName" time="1.278"/>
  <testcase classname="api.test.UserTests" name="testUpdateUserByName" time="2.546"/>
  <testcase classname="api.test.UserTests" name="testDeleteUserByName" time="1.294"/>
</testsuite> <!-- UserTests -->
