<?xml version="1.0" encoding="UTF-8"?>
<!-- Generated by org.testng.reporters.JUnitXMLReporter -->
<testsuite ignored="0" hostname="DESKTOP-CFSKSBJ" failures="0" tests="4" name="UserTest" time="10.32" errors="0" timestamp="2024-11-05T14:43:44 IST">
  <testcase classname="api.test.UserTests" name="testPostUser" time="4.011"/>
  <testcase classname="api.test.UserTests" name="testGetUserByName" time="1.329"/>
  <testcase classname="api.test.UserTests" name="testUpdateUserByName" time="3.28"/>
  <testcase classname="api.test.UserTests" name="testDeleteUserByName" time="1.262"/>
</testsuite> <!-- UserTest -->
