<?xml version="1.0" encoding="UTF-8"?>
<!-- Generated by org.testng.reporters.JUnitXMLReporter -->
<testsuite ignored="0" hostname="DESKTOP-CFSKSBJ" failures="0" tests="6" name="Default test" time="10.992" errors="0" timestamp="2024-11-05T13:57:03 IST">
  <testcase classname="api.test.DDTests" name="testPostuser" time="3.158"/>
  <testcase classname="api.test.DDTests" name="testPostuser" time="1.212"/>
  <testcase classname="api.test.DDTests" name="testPostuser" time="1.254"/>
  <testcase classname="api.test.DDTests" name="testDeleteUserByName" time="1.323"/>
  <testcase classname="api.test.DDTests" name="testDeleteUserByName" time="1.306"/>
  <testcase classname="api.test.DDTests" name="testDeleteUserByName" time="1.336"/>
</testsuite> <!-- Default test -->
