<?xml version="1.0" encoding="UTF-8"?>
<!-- Generated by org.testng.reporters.JUnitXMLReporter -->
<testsuite ignored="0" hostname="DESKTOP-CFSKSBJ" failures="0" tests="14" name="Test" time="24.116" errors="0" timestamp="2024-11-05T15:10:07 IST">
  <testcase classname="api.test.UserTests" name="testPostUser" time="3.194"/>
  <testcase classname="api.test.UserTests" name="testGetUserByName" time="1.323"/>
  <testcase classname="api.test.UserTests" name="testUpdateUserByName" time="2.553"/>
  <testcase classname="api.test.UserTests" name="testDeleteUserByName" time="1.284"/>
  <testcase classname="api.test.UserTests2" name="testPostUser" time="1.32"/>
  <testcase classname="api.test.UserTests2" name="testGetUserByName" time="1.249"/>
  <testcase classname="api.test.UserTests2" name="testUpdateUserByName" time="2.554"/>
  <testcase classname="api.test.UserTests2" name="testDeleteUserByName" time="1.248"/>
  <testcase classname="api.test.DDTests" name="testPostuser" time="1.273"/>
  <testcase classname="api.test.DDTests" name="testPostuser" time="1.246"/>
  <testcase classname="api.test.DDTests" name="testPostuser" time="1.268"/>
  <testcase classname="api.test.DDTests" name="testDeleteUserByName" time="1.289"/>
  <testcase classname="api.test.DDTests" name="testDeleteUserByName" time="1.303"/>
  <testcase classname="api.test.DDTests" name="testDeleteUserByName" time="1.317"/>
</testsuite> <!-- Test -->
