<?xml version="1.0" encoding="UTF-8"?>
<!-- Generated by org.testng.reporters.JUnitXMLReporter -->
<testsuite ignored="0" hostname="DESKTOP-CFSKSBJ" failures="0" tests="14" name="Test" time="24.336" errors="0" timestamp="2024-11-05T15:11:14 IST">
  <testcase classname="api.test.UserTests" name="testPostUser" time="3.248"/>
  <testcase classname="api.test.UserTests" name="testGetUserByName" time="1.307"/>
  <testcase classname="api.test.UserTests" name="testUpdateUserByName" time="2.602"/>
  <testcase classname="api.test.UserTests" name="testDeleteUserByName" time="1.312"/>
  <testcase classname="api.test.UserTests2" name="testPostUser" time="1.319"/>
  <testcase classname="api.test.UserTests2" name="testGetUserByName" time="1.263"/>
  <testcase classname="api.test.UserTests2" name="testUpdateUserByName" time="2.547"/>
  <testcase classname="api.test.UserTests2" name="testDeleteUserByName" time="1.285"/>
  <testcase classname="api.test.DDTests" name="testPostuser" time="1.334"/>
  <testcase classname="api.test.DDTests" name="testPostuser" time="1.308"/>
  <testcase classname="api.test.DDTests" name="testPostuser" time="1.229"/>
  <testcase classname="api.test.DDTests" name="testDeleteUserByName" time="1.31"/>
  <testcase classname="api.test.DDTests" name="testDeleteUserByName" time="1.31"/>
  <testcase classname="api.test.DDTests" name="testDeleteUserByName" time="1.268"/>
</testsuite> <!-- Test -->
